<?xml version="1.0" encoding="UTF-8"?>
<robot generator="Robot 3.1.2 (Python 3.7.7 on darwin)" generated="20200417 17:49:49.112" rpa="false">
<suite id="s1" name="Login" source="/Users/test/Documents/projects/rf-dozzoro/tests/login.robot">
<test id="s1-t1" name="Login with google credentials and activate channel for getting email">
<kw name="Open The Main Page" library="resource">
<kw name="Open Browser" library="SeleniumLibrary">
<doc>Opens a new browser instance to the optional ``url``.</doc>
<arguments>
<arg>${MAIN URL}</arg>
<arg>${BROWSER}</arg>
</arguments>
<msg timestamp="20200417 17:49:49.262" level="INFO">Opening browser 'Chrome' to base url 'https://dev.dozorro.work'.</msg>
<status status="PASS" starttime="20200417 17:49:49.262" endtime="20200417 17:49:58.152"></status>
</kw>
<kw name="Maximize Browser Window" library="SeleniumLibrary">
<doc>Maximizes current browser window.</doc>
<status status="PASS" starttime="20200417 17:49:58.152" endtime="20200417 17:49:58.423"></status>
</kw>
<status status="PASS" starttime="20200417 17:49:49.261" endtime="20200417 17:49:58.423"></status>
</kw>
<kw name="Close The Modal Window" library="resource">
<kw name="Wait Until Element Is Visible" library="SeleniumLibrary">
<doc>Waits until the element ``locator`` is visible.</doc>
<arguments>
<arg>css=#review_form3 header</arg>
</arguments>
<status status="PASS" starttime="20200417 17:49:58.424" endtime="20200417 17:49:58.458"></status>
</kw>
<kw name="Element Text Should Be" library="SeleniumLibrary">
<doc>Verifies that element ``locator`` contains exact the text ``expected``.</doc>
<arguments>
<arg>css=#review_form3 header &gt; p</arg>
<arg>Друзі, доброго дня!</arg>
</arguments>
<msg timestamp="20200417 17:49:58.458" level="INFO">Verifying element 'css=#review_form3 header &gt; p' contains exact text 'Друзі, доброго дня!'.</msg>
<status status="PASS" starttime="20200417 17:49:58.458" endtime="20200417 17:49:58.483"></status>
</kw>
<kw name="Click Element" library="SeleniumLibrary">
<doc>Click the element identified by ``locator``.</doc>
<arguments>
<arg>css=#review_form3 header &gt; a.delete</arg>
</arguments>
<msg timestamp="20200417 17:49:58.484" level="INFO">Clicking element 'css=#review_form3 header &gt; a.delete'.</msg>
<status status="PASS" starttime="20200417 17:49:58.484" endtime="20200417 17:49:58.532"></status>
</kw>
<status status="PASS" starttime="20200417 17:49:58.423" endtime="20200417 17:49:58.532"></status>
</kw>
<kw name="Click The Login Link" library="resource">
<kw name="Click Element" library="SeleniumLibrary">
<doc>Click the element identified by ``locator``.</doc>
<arguments>
<arg>css=div.login_link a</arg>
</arguments>
<msg timestamp="20200417 17:49:58.533" level="INFO">Clicking element 'css=div.login_link a'.</msg>
<status status="PASS" starttime="20200417 17:49:58.532" endtime="20200417 17:49:58.876"></status>
</kw>
<status status="PASS" starttime="20200417 17:49:58.532" endtime="20200417 17:49:58.876"></status>
</kw>
<kw name="Click The Google Login Link" library="resource">
<kw name="Click Link" library="SeleniumLibrary">
<doc>Clicks a link identified by ``locator``.</doc>
<arguments>
<arg>css=a.btn-google</arg>
</arguments>
<msg timestamp="20200417 17:49:58.877" level="INFO">Clicking link 'css=a.btn-google'.</msg>
<status status="PASS" starttime="20200417 17:49:58.877" endtime="20200417 17:50:00.798"></status>
</kw>
<status status="PASS" starttime="20200417 17:49:58.876" endtime="20200417 17:50:00.798"></status>
</kw>
<kw name="Fill The Google Credentials" library="resource">
<kw name="Wait Until Element Is Visible" library="SeleniumLibrary">
<doc>Waits until the element ``locator`` is visible.</doc>
<arguments>
<arg>css=input[type="email"]</arg>
</arguments>
<status status="PASS" starttime="20200417 17:50:00.799" endtime="20200417 17:50:00.927"></status>
</kw>
<kw name="Input Text" library="SeleniumLibrary">
<doc>Types the given ``text`` into the text field identified by ``locator``.</doc>
<arguments>
<arg>css=input[type="email"]</arg>
<arg>${VALID USER}</arg>
</arguments>
<msg timestamp="20200417 17:50:00.927" level="INFO">Typing text 'tests12imple@gmail.com' into text field 'css=input[type="email"]'.</msg>
<status status="PASS" starttime="20200417 17:50:00.927" endtime="20200417 17:50:01.168"></status>
</kw>
<kw name="Click Element" library="SeleniumLibrary">
<doc>Click the element identified by ``locator``.</doc>
<arguments>
<arg>css=#identifierNext &gt; span</arg>
</arguments>
<msg timestamp="20200417 17:50:01.168" level="INFO">Clicking element 'css=#identifierNext &gt; span'.</msg>
<status status="PASS" starttime="20200417 17:50:01.168" endtime="20200417 17:50:01.265"></status>
</kw>
<kw name="Wait Until Element Is Visible" library="SeleniumLibrary">
<doc>Waits until the element ``locator`` is visible.</doc>
<arguments>
<arg>css=input[type="password"</arg>
</arguments>
<status status="PASS" starttime="20200417 17:50:01.265" endtime="20200417 17:50:02.288"></status>
</kw>
<kw name="Input Text" library="SeleniumLibrary">
<doc>Types the given ``text`` into the text field identified by ``locator``.</doc>
<arguments>
<arg>css=input[type="password"]</arg>
<arg>${VALID PASSWORD}</arg>
</arguments>
<msg timestamp="20200417 17:50:02.288" level="INFO">Typing text 'Qwerty+1' into text field 'css=input[type="password"]'.</msg>
<status status="PASS" starttime="20200417 17:50:02.288" endtime="20200417 17:50:02.380"></status>
</kw>
<kw name="Click Element" library="SeleniumLibrary">
<doc>Click the element identified by ``locator``.</doc>
<arguments>
<arg>css=#passwordNext &gt; span &gt; span</arg>
</arguments>
<msg timestamp="20200417 17:50:02.380" level="INFO">Clicking element 'css=#passwordNext &gt; span &gt; span'.</msg>
<status status="PASS" starttime="20200417 17:50:02.380" endtime="20200417 17:50:02.481"></status>
</kw>
<status status="PASS" starttime="20200417 17:50:00.798" endtime="20200417 17:50:02.481"></status>
</kw>
<kw name="Should Be Open Home Page" library="resource">
<kw name="Wait Until Element Is Visible" library="SeleniumLibrary">
<doc>Waits until the element ``locator`` is visible.</doc>
<arguments>
<arg>css=div.block_info_foto_home</arg>
</arguments>
<status status="PASS" starttime="20200417 17:50:02.482" endtime="20200417 17:50:05.447"></status>
</kw>
<kw name="Element Text Should Be" library="SeleniumLibrary">
<doc>Verifies that element ``locator`` contains exact the text ``expected``.</doc>
<arguments>
<arg>css=h2</arg>
<arg>Громадський контроль держзакупівель</arg>
</arguments>
<msg timestamp="20200417 17:50:05.447" level="INFO">Verifying element 'css=h2' contains exact text 'Громадський контроль держзакупівель'.</msg>
<status status="PASS" starttime="20200417 17:50:05.447" endtime="20200417 17:50:05.465"></status>
</kw>
<status status="PASS" starttime="20200417 17:50:02.481" endtime="20200417 17:50:05.465"></status>
</kw>
<kw name="Click The Notifications Link" library="resource">
<kw name="Element Should Be Visible" library="SeleniumLibrary">
<doc>Verifies that the element identified by ``locator`` is visible.</doc>
<arguments>
<arg>css=span.name</arg>
</arguments>
<msg timestamp="20200417 17:50:05.484" level="INFO">Element 'css=span.name' is displayed.</msg>
<status status="PASS" starttime="20200417 17:50:05.466" endtime="20200417 17:50:05.484"></status>
</kw>
<kw name="Click Element" library="SeleniumLibrary">
<doc>Click the element identified by ``locator``.</doc>
<arguments>
<arg>css=span.caret</arg>
</arguments>
<msg timestamp="20200417 17:50:05.485" level="INFO">Clicking element 'css=span.caret'.</msg>
<status status="PASS" starttime="20200417 17:50:05.484" endtime="20200417 17:50:05.538"></status>
</kw>
<kw name="Click Link" library="SeleniumLibrary">
<doc>Clicks a link identified by ``locator``.</doc>
<arguments>
<arg>Сповіщення</arg>
</arguments>
<msg timestamp="20200417 17:50:05.538" level="INFO">Clicking link 'Сповіщення'.</msg>
<status status="PASS" starttime="20200417 17:50:05.538" endtime="20200417 17:50:06.174"></status>
</kw>
<kw name="Click Link" library="SeleniumLibrary">
<doc>Clicks a link identified by ``locator``.</doc>
<arguments>
<arg>Налаштування</arg>
</arguments>
<msg timestamp="20200417 17:50:06.174" level="INFO">Clicking link 'Налаштування'.</msg>
<status status="PASS" starttime="20200417 17:50:06.174" endtime="20200417 17:50:06.652"></status>
</kw>
<kw name="Location Should Be" library="SeleniumLibrary">
<doc>Verifies that the current URL is exactly ``url``.</doc>
<arguments>
<arg>https://dev.dozorro.work/user/settings</arg>
</arguments>
<msg timestamp="20200417 17:50:06.656" level="INFO">Current location is 'https://dev.dozorro.work/user/settings'.</msg>
<status status="PASS" starttime="20200417 17:50:06.652" endtime="20200417 17:50:06.656"></status>
</kw>
<status status="PASS" starttime="20200417 17:50:05.465" endtime="20200417 17:50:06.656"></status>
</kw>
<kw name="Click Activate Email Channel" library="resource">
<kw name="Click Element" library="SeleniumLibrary">
<doc>Click the element identified by ``locator``.</doc>
<arguments>
<arg>css=span.is-outlined-button</arg>
</arguments>
<msg timestamp="20200417 17:50:06.657" level="INFO">Clicking element 'css=span.is-outlined-button'.</msg>
<status status="PASS" starttime="20200417 17:50:06.657" endtime="20200417 17:50:06.703"></status>
</kw>
<status status="PASS" starttime="20200417 17:50:06.656" endtime="20200417 17:50:06.703"></status>
</kw>
<kw name="Message About Checking Email Should Be Visible" library="resource">
<kw name="Wait Until Page Contains" library="SeleniumLibrary">
<doc>Waits until ``text`` appears on the current page.</doc>
<arguments>
<arg>Перевірте пошту</arg>
<arg>timeout=10s</arg>
</arguments>
<status status="PASS" starttime="20200417 17:50:06.704" endtime="20200417 17:50:06.934"></status>
</kw>
<kw name="Element Text Should Be" library="SeleniumLibrary">
<doc>Verifies that element ``locator`` contains exact the text ``expected``.</doc>
<arguments>
<arg>css=tr:nth-child(1) &gt; td:nth-child(3) &gt; span</arg>
<arg>Перевірте пошту</arg>
</arguments>
<msg timestamp="20200417 17:50:06.934" level="INFO">Verifying element 'css=tr:nth-child(1) &gt; td:nth-child(3) &gt; span' contains exact text 'Перевірте пошту'.</msg>
<status status="PASS" starttime="20200417 17:50:06.934" endtime="20200417 17:50:06.953"></status>
</kw>
<status status="PASS" starttime="20200417 17:50:06.703" endtime="20200417 17:50:06.953"></status>
</kw>
<kw name="Check That Text Input Contain Correct Email" library="resource">
<kw name="Get Text" library="SeleniumLibrary">
<doc>Returns the text value of the element identified by ``locator``.</doc>
<arguments>
<arg>css=.settings-info.active span</arg>
</arguments>
<assign>
<var>${email_from_portal}</var>
</assign>
<msg timestamp="20200417 17:50:06.971" level="INFO">${email_from_portal} = tests12imple@gmail.com</msg>
<status status="PASS" starttime="20200417 17:50:06.953" endtime="20200417 17:50:06.971"></status>
</kw>
<kw name="Should Be Equal" library="BuiltIn">
<doc>Fails if the given objects are unequal.</doc>
<arguments>
<arg>${email_from_portal}</arg>
<arg>${VALID USER}</arg>
</arguments>
<status status="PASS" starttime="20200417 17:50:06.972" endtime="20200417 17:50:06.972"></status>
</kw>
<status status="PASS" starttime="20200417 17:50:06.953" endtime="20200417 17:50:06.972"></status>
</kw>
<kw name="Sleep" library="BuiltIn">
<doc>Pauses the test executed for the given time.</doc>
<arguments>
<arg>10s</arg>
</arguments>
<msg timestamp="20200417 17:50:16.975" level="INFO">Slept 10 seconds</msg>
<status status="PASS" starttime="20200417 17:50:06.972" endtime="20200417 17:50:16.975"></status>
</kw>
<kw name="Call The Url With For Approve Email" library="MethodsOfGmailApi">
<doc>Get Message with given ID.</doc>
<assign>
<var>${URL_WITH_TOKEN_FOR_APPROVE_EMAIL_CHANNEL}</var>
</assign>
<msg timestamp="20200417 17:50:17.979" level="INFO">Success</msg>
<msg timestamp="20200417 17:50:17.979" level="INFO">${URL_WITH_TOKEN_FOR_APPROVE_EMAIL_CHANNEL} = https://dev.dozorro.work/activate-channel?token=513-467-061-477</msg>
<status status="PASS" starttime="20200417 17:50:16.976" endtime="20200417 17:50:17.979"></status>
</kw>
<kw name="Go To" library="SeleniumLibrary">
<doc>Navigates the current browser window to the provided ``url``.</doc>
<arguments>
<arg>${URL_WITH_TOKEN_FOR_APPROVE_EMAIL_CHANNEL}</arg>
</arguments>
<msg timestamp="20200417 17:50:17.979" level="INFO">Opening url 'https://dev.dozorro.work/activate-channel?token=513-467-061-477'</msg>
<status status="PASS" starttime="20200417 17:50:17.979" endtime="20200417 17:50:18.456"></status>
</kw>
<kw name="Check That Page After Sucess Activating" library="resource">
<kw name="Location Should Be" library="SeleniumLibrary">
<doc>Verifies that the current URL is exactly ``url``.</doc>
<arguments>
<arg>https://dev.dozorro.work/notify/info/ok</arg>
</arguments>
<msg timestamp="20200417 17:50:18.463" level="INFO">Current location is 'https://dev.dozorro.work/notify/info/ok'.</msg>
<status status="PASS" starttime="20200417 17:50:18.457" endtime="20200417 17:50:18.463"></status>
</kw>
<kw name="Element Should Be Visible" library="SeleniumLibrary">
<doc>Verifies that the element identified by ``locator`` is visible.</doc>
<arguments>
<arg>css=h1</arg>
</arguments>
<msg timestamp="20200417 17:50:18.484" level="INFO">Element 'css=h1' is displayed.</msg>
<status status="PASS" starttime="20200417 17:50:18.463" endtime="20200417 17:50:18.484"></status>
</kw>
<kw name="Element Text Should Be" library="SeleniumLibrary">
<doc>Verifies that element ``locator`` contains exact the text ``expected``.</doc>
<arguments>
<arg>css=h1</arg>
<arg>КАНАЛ АКТИВОВАНО УСПІШНО</arg>
</arguments>
<msg timestamp="20200417 17:50:18.484" level="INFO">Verifying element 'css=h1' contains exact text 'КАНАЛ АКТИВОВАНО УСПІШНО'.</msg>
<status status="PASS" starttime="20200417 17:50:18.484" endtime="20200417 17:50:18.499"></status>
</kw>
<status status="PASS" starttime="20200417 17:50:18.456" endtime="20200417 17:50:18.499"></status>
</kw>
<kw name="Click The Notifications Link" library="resource">
<kw name="Element Should Be Visible" library="SeleniumLibrary">
<doc>Verifies that the element identified by ``locator`` is visible.</doc>
<arguments>
<arg>css=span.name</arg>
</arguments>
<msg timestamp="20200417 17:50:18.518" level="INFO">Element 'css=span.name' is displayed.</msg>
<status status="PASS" starttime="20200417 17:50:18.500" endtime="20200417 17:50:18.519"></status>
</kw>
<kw name="Click Element" library="SeleniumLibrary">
<doc>Click the element identified by ``locator``.</doc>
<arguments>
<arg>css=span.caret</arg>
</arguments>
<msg timestamp="20200417 17:50:18.519" level="INFO">Clicking element 'css=span.caret'.</msg>
<status status="PASS" starttime="20200417 17:50:18.519" endtime="20200417 17:50:18.564"></status>
</kw>
<kw name="Click Link" library="SeleniumLibrary">
<doc>Clicks a link identified by ``locator``.</doc>
<arguments>
<arg>Сповіщення</arg>
</arguments>
<msg timestamp="20200417 17:50:18.565" level="INFO">Clicking link 'Сповіщення'.</msg>
<status status="PASS" starttime="20200417 17:50:18.564" endtime="20200417 17:50:19.122"></status>
</kw>
<kw name="Click Link" library="SeleniumLibrary">
<doc>Clicks a link identified by ``locator``.</doc>
<arguments>
<arg>Налаштування</arg>
</arguments>
<msg timestamp="20200417 17:50:19.123" level="INFO">Clicking link 'Налаштування'.</msg>
<status status="PASS" starttime="20200417 17:50:19.123" endtime="20200417 17:50:19.626"></status>
</kw>
<kw name="Location Should Be" library="SeleniumLibrary">
<doc>Verifies that the current URL is exactly ``url``.</doc>
<arguments>
<arg>https://dev.dozorro.work/user/settings</arg>
</arguments>
<msg timestamp="20200417 17:50:19.631" level="INFO">Current location is 'https://dev.dozorro.work/user/settings'.</msg>
<status status="PASS" starttime="20200417 17:50:19.626" endtime="20200417 17:50:19.631"></status>
</kw>
<status status="PASS" starttime="20200417 17:50:18.500" endtime="20200417 17:50:19.631"></status>
</kw>
<kw name="Pause And Delete Links For Email Channel Visible" library="resource">
<kw name="Element Should Be Visible" library="SeleniumLibrary">
<doc>Verifies that the element identified by ``locator`` is visible.</doc>
<arguments>
<arg>css=i.icon-pause</arg>
</arguments>
<msg timestamp="20200417 17:50:19.649" level="INFO">Element 'css=i.icon-pause' is displayed.</msg>
<status status="PASS" starttime="20200417 17:50:19.632" endtime="20200417 17:50:19.649"></status>
</kw>
<kw name="Element Should Be Visible" library="SeleniumLibrary">
<doc>Verifies that the element identified by ``locator`` is visible.</doc>
<arguments>
<arg>css=i.icon-remove</arg>
</arguments>
<msg timestamp="20200417 17:50:19.665" level="INFO">Element 'css=i.icon-remove' is displayed.</msg>
<status status="PASS" starttime="20200417 17:50:19.649" endtime="20200417 17:50:19.666"></status>
</kw>
<status status="PASS" starttime="20200417 17:50:19.631" endtime="20200417 17:50:19.666"></status>
</kw>
<kw name="Close Browser" library="SeleniumLibrary" type="teardown">
<doc>Closes the current browser.</doc>
<status status="PASS" starttime="20200417 17:50:19.666" endtime="20200417 17:50:19.754"></status>
</kw>
<status status="PASS" starttime="20200417 17:49:49.261" endtime="20200417 17:50:19.755" critical="yes"></status>
</test>
<doc>Tests for checking the login functionality</doc>
<status status="PASS" starttime="20200417 17:49:49.114" endtime="20200417 17:50:19.755"></status>
</suite>
<statistics>
<total>
<stat pass="1" fail="0">Critical Tests</stat>
<stat pass="1" fail="0">All Tests</stat>
</total>
<tag>
</tag>
<suite>
<stat pass="1" fail="0" id="s1" name="Login">Login</stat>
</suite>
</statistics>
<errors>
</errors>
</robot>
